Logfile initialized
[INFO] logfile = Z:\users\bcornejo\mcps\build.log
[DEBUG] C:\Users\bcornejo\AppData\Roaming\Titanium\mobilesdk\win32\2.0.1.GA2\android\builder.py simulator mcps C:\Program Files (x86)\Android\android-sdk Z:\users\bcornejo\mcps gov.milwaukeecounty.parks 6 WVGA854
[INFO] Building mcps for Android ... one moment
[INFO] Titanium SDK version: 2.0.1 (04/12/12 16:33 999c68a)
[DEBUG] Waiting for device to be ready ...
[TRACE] adb devices returned 0 devices/emulators
[TRACE] adb devices returned 1 devices/emulators
[TRACE] adb devices returned 1 devices/emulators
[TRACE] adb devices returned 1 devices/emulators
[TRACE] adb devices returned 1 devices/emulators
[TRACE] adb devices returned 1 devices/emulators
[DEBUG] Device connected... (waited 25 seconds)
[DEBUG] waited 25.749000 seconds on emulator to get ready
[INFO] Waiting for the Android Emulator to become available
[ERROR] Timed out waiting for android.process.acore
[DEBUG] gov.milwaukeecounty.parks installed? False
[INFO] Fastdev server running, deploying in Fastdev mode
[INFO] Copying CommonJS modules...
[INFO] Copying project resources..
[INFO] Detected change in tiapp.xml, or assets deleted. Forcing full re-build...
[TRACE] COPYING CREATED FILE: Z:\users\bcornejo\mcps\Resources\ActivityIcon.png => Z:\users\bcornejo\mcps\build\android\bin\assets\Resources\ActivityIcon.png
[TRACE] COPYING CREATED FILE: Z:\users\bcornejo\mcps\Resources\android\appicon.png => Z:\users\bcornejo\mcps\build\android\bin\assets\Resources\appicon.png
[TRACE] COPYING CREATED FILE: Z:\users\bcornejo\mcps\Resources\android\default.png => Z:\users\bcornejo\mcps\build\android\bin\assets\Resources\default.png
[TRACE] COPYING CREATED FILE: Z:\users\bcornejo\mcps\Resources\app.js => Z:\users\bcornejo\mcps\build\android\bin\assets\Resources\app.js
[TRACE] COPYING CREATED FILE: Z:\users\bcornejo\mcps\Resources\ContactIcon.png => Z:\users\bcornejo\mcps\build\android\bin\assets\Resources\ContactIcon.png
[TRACE] COPYING CREATED FILE: Z:\users\bcornejo\mcps\Resources\EventIcon.png => Z:\users\bcornejo\mcps\build\android\bin\assets\Resources\EventIcon.png
[TRACE] COPYING CREATED FILE: Z:\users\bcornejo\mcps\Resources\events.js => Z:\users\bcornejo\mcps\build\android\bin\assets\Resources\events.js
[TRACE] COPYING CREATED FILE: Z:\users\bcornejo\mcps\Resources\fb.js => Z:\users\bcornejo\mcps\build\android\bin\assets\Resources\fb.js
[TRACE] COPYING CREATED FILE: Z:\users\bcornejo\mcps\Resources\KS_nav_ui.png => Z:\users\bcornejo\mcps\build\android\bin\assets\Resources\KS_nav_ui.png
[TRACE] COPYING CREATED FILE: Z:\users\bcornejo\mcps\Resources\KS_nav_views.png => Z:\users\bcornejo\mcps\build\android\bin\assets\Resources\KS_nav_views.png
[TRACE] COPYING CREATED FILE: Z:\users\bcornejo\mcps\Resources\mcps.png => Z:\users\bcornejo\mcps\build\android\bin\assets\Resources\mcps.png
[TRACE] COPYING CREATED FILE: Z:\users\bcornejo\mcps\Resources\MCPS.zip => Z:\users\bcornejo\mcps\build\android\bin\assets\Resources\MCPS.zip
[TRACE] COPYING CREATED FILE: Z:\users\bcornejo\mcps\Resources\net.js => Z:\users\bcornejo\mcps\build\android\bin\assets\Resources\net.js
[TRACE] COPYING CREATED FILE: Z:\users\bcornejo\mcps\Resources\ParkIcon.png => Z:\users\bcornejo\mcps\build\android\bin\assets\Resources\ParkIcon.png
[TRACE] COPYING CREATED FILE: Z:\users\bcornejo\mcps\Resources\parks.js => Z:\users\bcornejo\mcps\build\android\bin\assets\Resources\parks.js
[TRACE] COPYING CREATED FILE: Z:\users\bcornejo\mcps\Resources\search.js => Z:\users\bcornejo\mcps\build\android\bin\assets\Resources\search.js
[TRACE] COPYING CREATED FILE: Z:\users\bcornejo\mcps\Resources\search.png => Z:\users\bcornejo\mcps\build\android\bin\assets\Resources\search.png
[TRACE] COPYING CREATED FILE: Z:\users\bcornejo\mcps\Resources\ui.js => Z:\users\bcornejo\mcps\build\android\bin\assets\Resources\ui.js
[TRACE] Generating Java Classes
[DEBUG] Processing Android resource drawables
[TRACE] COPYING FILE: Z:\users\bcornejo\mcps\Resources\android\images\res-long-land-hdpi\default.png => Z:\users\bcornejo\mcps\build\android\res\drawable-long-land-hdpi\default_d44e27d97b.png
[TRACE] COPYING FILE: Z:\users\bcornejo\mcps\Resources\android\images\res-long-land-ldpi\default.png => Z:\users\bcornejo\mcps\build\android\res\drawable-long-land-ldpi\default_d44e27d97b.png
[TRACE] COPYING FILE: Z:\users\bcornejo\mcps\Resources\android\images\res-long-port-hdpi\default.png => Z:\users\bcornejo\mcps\build\android\res\drawable-long-port-hdpi\default_d44e27d97b.png
[TRACE] COPYING FILE: Z:\users\bcornejo\mcps\Resources\android\images\res-long-port-ldpi\default.png => Z:\users\bcornejo\mcps\build\android\res\drawable-long-port-ldpi\default_d44e27d97b.png
[TRACE] COPYING FILE: Z:\users\bcornejo\mcps\Resources\android\images\res-notlong-land-hdpi\default.png => Z:\users\bcornejo\mcps\build\android\res\drawable-notlong-land-hdpi\default_d44e27d97b.png
[TRACE] COPYING FILE: Z:\users\bcornejo\mcps\Resources\android\images\res-notlong-land-ldpi\default.png => Z:\users\bcornejo\mcps\build\android\res\drawable-notlong-land-ldpi\default_d44e27d97b.png
[TRACE] COPYING FILE: Z:\users\bcornejo\mcps\Resources\android\images\res-notlong-land-mdpi\default.png => Z:\users\bcornejo\mcps\build\android\res\drawable-notlong-land-mdpi\default_d44e27d97b.png
[TRACE] COPYING FILE: Z:\users\bcornejo\mcps\Resources\android\images\res-notlong-port-hdpi\default.png => Z:\users\bcornejo\mcps\build\android\res\drawable-notlong-port-hdpi\default_d44e27d97b.png
[TRACE] COPYING FILE: Z:\users\bcornejo\mcps\Resources\android\images\res-notlong-port-ldpi\default.png => Z:\users\bcornejo\mcps\build\android\res\drawable-notlong-port-ldpi\default_d44e27d97b.png
[TRACE] COPYING FILE: Z:\users\bcornejo\mcps\Resources\android\images\res-notlong-port-mdpi\default.png => Z:\users\bcornejo\mcps\build\android\res\drawable-notlong-port-mdpi\default_d44e27d97b.png
[DEBUG] app stylesheet => Z:\users\bcornejo\mcps\build\android\gen\gov\milwaukeecounty\parks\ApplicationStylesheet.java
[DEBUG] copying app icon: Z:\users\bcornejo\mcps\build\android\bin\assets\Resources\appicon.png
[DEBUG] generating theme.xml
[DEBUG] found drawable-long-land-hdpi splash screen at Z:\users\bcornejo\mcps\Resources\android\images\res-long-land-hdpi\default.png
[DEBUG] copying Z:\users\bcornejo\mcps\Resources\android\images\res-long-land-hdpi\default.png splash screen to Z:\users\bcornejo\mcps\build\android\res\drawable-long-land-hdpi\background.png
[DEBUG] found drawable-long-land-ldpi splash screen at Z:\users\bcornejo\mcps\Resources\android\images\res-long-land-ldpi\default.png
[DEBUG] copying Z:\users\bcornejo\mcps\Resources\android\images\res-long-land-ldpi\default.png splash screen to Z:\users\bcornejo\mcps\build\android\res\drawable-long-land-ldpi\background.png
[DEBUG] found drawable-long-port-hdpi splash screen at Z:\users\bcornejo\mcps\Resources\android\images\res-long-port-hdpi\default.png
[DEBUG] copying Z:\users\bcornejo\mcps\Resources\android\images\res-long-port-hdpi\default.png splash screen to Z:\users\bcornejo\mcps\build\android\res\drawable-long-port-hdpi\background.png
[DEBUG] found drawable-long-port-ldpi splash screen at Z:\users\bcornejo\mcps\Resources\android\images\res-long-port-ldpi\default.png
[DEBUG] copying Z:\users\bcornejo\mcps\Resources\android\images\res-long-port-ldpi\default.png splash screen to Z:\users\bcornejo\mcps\build\android\res\drawable-long-port-ldpi\background.png
[DEBUG] found drawable-notlong-land-hdpi splash screen at Z:\users\bcornejo\mcps\Resources\android\images\res-notlong-land-hdpi\default.png
[DEBUG] copying Z:\users\bcornejo\mcps\Resources\android\images\res-notlong-land-hdpi\default.png splash screen to Z:\users\bcornejo\mcps\build\android\res\drawable-notlong-land-hdpi\background.png
[DEBUG] found drawable-notlong-land-ldpi splash screen at Z:\users\bcornejo\mcps\Resources\android\images\res-notlong-land-ldpi\default.png
[DEBUG] copying Z:\users\bcornejo\mcps\Resources\android\images\res-notlong-land-ldpi\default.png splash screen to Z:\users\bcornejo\mcps\build\android\res\drawable-notlong-land-ldpi\background.png
[DEBUG] found drawable-notlong-land-mdpi splash screen at Z:\users\bcornejo\mcps\Resources\android\images\res-notlong-land-mdpi\default.png
[DEBUG] copying Z:\users\bcornejo\mcps\Resources\android\images\res-notlong-land-mdpi\default.png splash screen to Z:\users\bcornejo\mcps\build\android\res\drawable-notlong-land-mdpi\background.png
[DEBUG] found drawable-notlong-port-hdpi splash screen at Z:\users\bcornejo\mcps\Resources\android\images\res-notlong-port-hdpi\default.png
[DEBUG] copying Z:\users\bcornejo\mcps\Resources\android\images\res-notlong-port-hdpi\default.png splash screen to Z:\users\bcornejo\mcps\build\android\res\drawable-notlong-port-hdpi\background.png
[DEBUG] found drawable-notlong-port-ldpi splash screen at Z:\users\bcornejo\mcps\Resources\android\images\res-notlong-port-ldpi\default.png
[DEBUG] copying Z:\users\bcornejo\mcps\Resources\android\images\res-notlong-port-ldpi\default.png splash screen to Z:\users\bcornejo\mcps\build\android\res\drawable-notlong-port-ldpi\background.png
[DEBUG] found drawable-notlong-port-mdpi splash screen at Z:\users\bcornejo\mcps\Resources\android\images\res-notlong-port-mdpi\default.png
[DEBUG] copying Z:\users\bcornejo\mcps\Resources\android\images\res-notlong-port-mdpi\default.png splash screen to Z:\users\bcornejo\mcps\build\android\res\drawable-notlong-port-mdpi\background.png
[DEBUG] found splash screen at Z:\users\bcornejo\mcps\build\android\bin\assets\Resources\default.png
[TRACE] Writing out AndroidManifest.xml
[DEBUG] adding Z:\users\bcornejo\mcps\build\android\gen\gov\milwaukeecounty\parks\ApplicationStylesheet.java to javac build list
[DEBUG] adding Z:\users\bcornejo\mcps\build\android\gen\gov\milwaukeecounty\parks\McpsActivity.java to javac build list
[DEBUG] adding Z:\users\bcornejo\mcps\build\android\gen\gov\milwaukeecounty\parks\McpsAppInfo.java to javac build list
[DEBUG] adding Z:\users\bcornejo\mcps\build\android\gen\gov\milwaukeecounty\parks\McpsApplication.java to javac build list
[DEBUG] adding Z:\users\bcornejo\mcps\build\android\gen\gov\milwaukeecounty\parks\R.java to javac build list
[DEBUG] Building Java Sources: "Z:\\users\\bcornejo\\mcps\\build\\android\\gen\\gov\\milwaukeecounty\\parks\\ApplicationStylesheet.java" "Z:\\users\\bcornejo\\mcps\\build\\android\\gen\\gov\\milwaukeecounty\\parks\\McpsActivity.java" "Z:\\users\\bcornejo\\mcps\\build\\android\\gen\\gov\\milwaukeecounty\\parks\\McpsAppInfo.java" "Z:\\users\\bcornejo\\mcps\\build\\android\\gen\\gov\\milwaukeecounty\\parks\\McpsApplication.java" "Z:\\users\\bcornejo\\mcps\\build\\android\\gen\\gov\\milwaukeecounty\\parks\\R.java"
[INFO] Waiting for SDCard to become available..
[INFO] Compiling Android Resources... This could take some time
[DEBUG] Android classes.dex built
[DEBUG] creating unsigned apk: Z:\users\bcornejo\mcps\build\android\bin\app-unsigned.apk
[DEBUG] from resource zip => assets/Resources/ActivityIcon.png
[DEBUG] from resource zip => assets/Resources/ContactIcon.png
[DEBUG] from resource zip => assets/Resources/EventIcon.png
[DEBUG] from resource zip => assets/Resources/KS_nav_ui.png
[DEBUG] from resource zip => assets/Resources/KS_nav_views.png
[DEBUG] from resource zip => assets/Resources/MCPS.zip
[DEBUG] from resource zip => assets/Resources/ParkIcon.png
[DEBUG] from resource zip => assets/Resources/app.js
[DEBUG] from resource zip => assets/Resources/appicon.png
[DEBUG] from resource zip => assets/Resources/default.png
[DEBUG] from resource zip => assets/Resources/events.js
[DEBUG] from resource zip => assets/Resources/fb.js
[DEBUG] from resource zip => assets/Resources/mcps.png
[DEBUG] from resource zip => assets/Resources/net.js
[DEBUG] from resource zip => assets/Resources/parks.js
[DEBUG] from resource zip => assets/Resources/search.js
[DEBUG] from resource zip => assets/Resources/search.png
[DEBUG] from resource zip => assets/Resources/ui.js
[DEBUG] from resource zip => assets/app.json
[DEBUG] from resource zip => assets/index.json
[DEBUG] from resource zip => assets/tiapp.xml
[DEBUG] from resource zip => res/drawable/appicon.png
[DEBUG] from resource zip => res/drawable/background.png
[DEBUG] from resource zip => res/drawable/close.png
[DEBUG] from resource zip => res/drawable/facebook_login.png
[DEBUG] from resource zip => res/drawable/facebook_login_down.png
[DEBUG] from resource zip => res/drawable/facebook_login_wide.png
[DEBUG] from resource zip => res/drawable/facebook_login_wide_down.png
[DEBUG] from resource zip => res/drawable/facebook_logout.png
[DEBUG] from resource zip => res/drawable/facebook_logout_down.png
[DEBUG] from resource zip => res/layout/titanium_tabgroup.xml
[DEBUG] from resource zip => AndroidManifest.xml
[DEBUG] from resource zip => resources.arsc
[DEBUG] from resource zip => res/drawable-hdpi/close.png
[DEBUG] from resource zip => res/drawable-ldpi/close.png
[DEBUG] from resource zip => res/drawable-long-land-hdpi/background.png
[DEBUG] from resource zip => res/drawable-long-land-hdpi/default_d44e27d97b.png
[DEBUG] from resource zip => res/drawable-long-land-ldpi/background.png
[DEBUG] from resource zip => res/drawable-long-land-ldpi/default_d44e27d97b.png
[DEBUG] from resource zip => res/drawable-long-port-hdpi/background.png
[DEBUG] from resource zip => res/drawable-long-port-hdpi/default_d44e27d97b.png
[DEBUG] from resource zip => res/drawable-long-port-ldpi/background.png
[DEBUG] from resource zip => res/drawable-long-port-ldpi/default_d44e27d97b.png
[DEBUG] from resource zip => res/drawable-notlong-land-hdpi/background.png
[DEBUG] from resource zip => res/drawable-notlong-land-hdpi/default_d44e27d97b.png
[DEBUG] from resource zip => res/drawable-notlong-land-ldpi/background.png
[DEBUG] from resource zip => res/drawable-notlong-land-ldpi/default_d44e27d97b.png
[DEBUG] from resource zip => res/drawable-notlong-land-mdpi/background.png
[DEBUG] from resource zip => res/drawable-notlong-land-mdpi/default_d44e27d97b.png
[DEBUG] from resource zip => res/drawable-notlong-port-hdpi/background.png
[DEBUG] from resource zip => res/drawable-notlong-port-hdpi/default_d44e27d97b.png
[DEBUG] from resource zip => res/drawable-notlong-port-ldpi/background.png
[DEBUG] from resource zip => res/drawable-notlong-port-ldpi/default_d44e27d97b.png
[DEBUG] from resource zip => res/drawable-notlong-port-mdpi/background.png
[DEBUG] from resource zip => res/drawable-notlong-port-mdpi/default_d44e27d97b.png
[DEBUG] from JAR C:\Users\bcornejo\AppData\Roaming\Titanium\mobilesdk\win32\2.0.1.GA2\android\modules\titanium-facebook.jar => ti/modules/titanium/facebook/LICENSE
[DEBUG] from JAR C:\Users\bcornejo\AppData\Roaming\Titanium\mobilesdk\win32\2.0.1.GA2\android\titanium.jar => org/appcelerator/titanium/build.properties
[DEBUG] from JAR C:\Users\bcornejo\AppData\Roaming\Titanium\mobilesdk\win32\2.0.1.GA2\android\titanium.jar => org/appcelerator/titanium/res/drawable/background.png
[DEBUG] from JAR C:\Users\bcornejo\AppData\Roaming\Titanium\mobilesdk\win32\2.0.1.GA2\android\titanium.jar => org/appcelerator/titanium/res/drawable/btn_check_buttonless_on.png
[DEBUG] from JAR C:\Users\bcornejo\AppData\Roaming\Titanium\mobilesdk\win32\2.0.1.GA2\android\titanium.jar => org/appcelerator/titanium/res/drawable/btn_check_buttonless_on_18.png
[DEBUG] from JAR C:\Users\bcornejo\AppData\Roaming\Titanium\mobilesdk\win32\2.0.1.GA2\android\titanium.jar => org/appcelerator/titanium/res/drawable/btn_check_buttonless_on_48.png
[DEBUG] from JAR C:\Users\bcornejo\AppData\Roaming\Titanium\mobilesdk\win32\2.0.1.GA2\android\titanium.jar => org/appcelerator/titanium/res/drawable/btn_more.png
[DEBUG] from JAR C:\Users\bcornejo\AppData\Roaming\Titanium\mobilesdk\win32\2.0.1.GA2\android\titanium.jar => org/appcelerator/titanium/res/drawable/btn_more_18.png
[DEBUG] from JAR C:\Users\bcornejo\AppData\Roaming\Titanium\mobilesdk\win32\2.0.1.GA2\android\titanium.jar => org/appcelerator/titanium/res/drawable/btn_more_48.png
[DEBUG] from JAR C:\Users\bcornejo\AppData\Roaming\Titanium\mobilesdk\win32\2.0.1.GA2\android\titanium.jar => org/appcelerator/titanium/res/drawable/btn_picker_normal.9.png
[DEBUG] from JAR C:\Users\bcornejo\AppData\Roaming\Titanium\mobilesdk\win32\2.0.1.GA2\android\titanium.jar => org/appcelerator/titanium/res/drawable/btn_picker_pressed.9.png
[DEBUG] from JAR C:\Users\bcornejo\AppData\Roaming\Titanium\mobilesdk\win32\2.0.1.GA2\android\titanium.jar => org/appcelerator/titanium/res/drawable/btn_picker_selected.9.png
[DEBUG] from JAR C:\Users\bcornejo\AppData\Roaming\Titanium\mobilesdk\win32\2.0.1.GA2\android\titanium.jar => org/appcelerator/titanium/res/drawable/default_icon.png
[DEBUG] from JAR C:\Users\bcornejo\AppData\Roaming\Titanium\mobilesdk\win32\2.0.1.GA2\android\titanium.jar => org/appcelerator/titanium/res/drawable/photoDefault.png
[DEBUG] from JAR C:\Users\bcornejo\AppData\Roaming\Titanium\mobilesdk\win32\2.0.1.GA2\android\thirdparty.jar => org/apache/Commons-NOTICE.txt
[DEBUG] from JAR C:\Users\bcornejo\AppData\Roaming\Titanium\mobilesdk\win32\2.0.1.GA2\android\thirdparty.jar => org/apache/HttpComponents-NOTICE.txt
[DEBUG] from JAR C:\Users\bcornejo\AppData\Roaming\Titanium\mobilesdk\win32\2.0.1.GA2\android\thirdparty.jar => org/apache/mime4j-NOTICE.txt
[DEBUG] from JAR C:\Users\bcornejo\AppData\Roaming\Titanium\mobilesdk\win32\2.0.1.GA2\android\modules\titanium-ui.jar => ti/modules/titanium/ui/widget/webview/binding.js
[DEBUG] from JAR C:\Users\bcornejo\AppData\Roaming\Titanium\mobilesdk\win32\2.0.1.GA2\android\modules\titanium-ui.jar => ti/modules/titanium/ui/widget/webview/binding.min.js
[DEBUG] from JAR C:\Users\bcornejo\AppData\Roaming\Titanium\mobilesdk\win32\2.0.1.GA2\android\modules\titanium-ui.jar => ti/modules/titanium/ui/widget/webview/json2.js
[DEBUG] installing native SDK libs
[DEBUG] Waiting for device to be ready ...
[TRACE] adb devices returned 1 devices/emulators
[DEBUG] Device connected... (waited 0 seconds)
[DEBUG] waited 0.130000 seconds on emulator to get ready
[INFO] Installing application on emulator
[INFO] Launching application ... mcps
[TRACE] Launch output: Starting: Intent { act=android.intent.action.MAIN cat=[android.intent.category.LAUNCHER] cmp=gov.milwaukeecounty.parks/.McpsActivity }

[INFO] Deployed mcps ... Application should be running.
